{"/home/rid/src/node.js/webpack/src/server.js": {"path":"/home/rid/src/node.js/webpack/src/server.js","statementMap":{"0":{"start":{"line":1,"column":0},"end":{"line":null,"column":-1}},"1":{"start":{"line":2,"column":0},"end":{"line":null,"column":-1}},"2":{"start":{"line":3,"column":0},"end":{"line":null,"column":-1}},"3":{"start":{"line":4,"column":0},"end":{"line":null,"column":-1}},"4":{"start":{"line":5,"column":0},"end":{"line":null,"column":-1}},"5":{"start":{"line":8,"column":0},"end":{"line":null,"column":-1}},"6":{"start":{"line":10,"column":12},"end":{"line":10,"column":0}},"7":{"start":{"line":11,"column":15},"end":{"line":11,"column":0}},"8":{"start":{"line":12,"column":13},"end":{"line":12,"column":0}},"9":{"start":{"line":14,"column":17},"end":{"line":14,"column":0}},"10":{"start":{"line":16,"column":0},"end":{"line":null,"column":-1}},"11":{"start":{"line":18,"column":0},"end":{"line":null,"column":-1}},"12":{"start":{"line":23,"column":2},"end":{"line":null,"column":-1}},"13":{"start":{"line":27,"column":2},"end":{"line":null,"column":-1}},"14":{"start":{"line":44,"column":0},"end":{"line":null,"column":-1}},"15":{"start":{"line":44,"column":20},"end":{"line":44,"column":-1}}},"fnMap":{"0":{"name":"(anonymous_1)","decl":{"start":{"line":18,"column":14},"end":{"line":18,"column":14}},"loc":{"start":{"line":18,"column":28},"end":{"line":18,"column":0}}},"1":{"name":"renderHTML","decl":{"start":{"line":26,"column":9},"end":{"line":26,"column":0}},"loc":{"start":{"line":26,"column":35},"end":{"line":42,"column":1}}},"2":{"name":"(anonymous_3)","decl":{"start":{"line":44,"column":20},"end":{"line":44,"column":25}},"loc":{"start":{"line":44,"column":20},"end":{"line":44,"column":0}}}},"branchMap":{"0":{"loc":{"start":{"line":12,"column":13},"end":{"line":12,"column":12}},"type":"binary-expr","locations":[{"start":{"line":12,"column":13},"end":{"line":12,"column":12}},{"start":{"line":12,"column":33},"end":{"line":12,"column":0}}]},"1":{"loc":{"start":{"line":14,"column":57},"end":{"line":14,"column":17}},"type":"cond-expr","locations":[{"start":{"line":14,"column":57},"end":{"line":14,"column":17}},{"start":{"line":14,"column":84},"end":{"line":14,"column":0}}]}},"s":{"0":0,"1":0,"2":0,"3":0,"4":0,"5":0,"6":0,"7":0,"8":0,"9":0,"10":0,"11":0,"12":0,"13":0,"14":0,"15":0},"f":{"0":0,"1":0,"2":0},"b":{"0":[0,0],"1":[0,0]}}
,"/home/rid/src/node.js/webpack/src/client/index.js": {"path":"/home/rid/src/node.js/webpack/src/client/index.js","statementMap":{"0":{"start":{"line":1,"column":0},"end":{"line":null,"column":-1}},"1":{"start":{"line":2,"column":0},"end":{"line":null,"column":-1}},"2":{"start":{"line":5,"column":0},"end":{"line":null,"column":-1}}},"fnMap":{},"branchMap":{},"s":{"0":0,"1":0,"2":0},"f":{},"b":{}}
,"/home/rid/src/node.js/webpack/src/client/components/App.js": {"path":"/home/rid/src/node.js/webpack/src/client/components/App.js","statementMap":{"0":{"start":{"line":1,"column":0},"end":{"line":null,"column":-1}},"1":{"start":{"line":2,"column":0},"end":{"line":null,"column":-1}},"2":{"start":{"line":7,"column":21},"end":{"line":7,"column":0}},"3":{"start":{"line":23,"column":20},"end":{"line":20,"column":9}},"4":{"start":{"line":27,"column":17},"end":{"line":27,"column":4}},"5":{"start":{"line":29,"column":4},"end":{"line":null,"column":-1}},"6":{"start":{"line":31,"column":4},"end":{"line":35,"column":5}},"7":{"start":{"line":32,"column":6},"end":{"line":null,"column":-1}},"8":{"start":{"line":34,"column":6},"end":{"line":null,"column":-1}},"9":{"start":{"line":39,"column":4},"end":{"line":41,"column":5}},"10":{"start":{"line":40,"column":6},"end":{"line":null,"column":-1}},"11":{"start":{"line":43,"column":4},"end":{"line":null,"column":-1}},"12":{"start":{"line":52,"column":4},"end":{"line":null,"column":-1}}},"fnMap":{"0":{"name":"GreetingWidget","decl":{"start":{"line":23,"column":20},"end":{"line":23,"column":25}},"loc":{"start":{"line":23,"column":20},"end":{"line":20,"column":10}}}},"branchMap":{"0":{"loc":{"start":{"line":31,"column":4},"end":{"line":35,"column":5}},"type":"if","locations":[{"start":{"line":31,"column":4},"end":{"line":35,"column":5}},{"start":{"line":31,"column":4},"end":{"line":35,"column":5}}]},"1":{"loc":{"start":{"line":39,"column":4},"end":{"line":41,"column":5}},"type":"if","locations":[{"start":{"line":39,"column":4},"end":{"line":41,"column":5}},{"start":{"line":39,"column":4},"end":{"line":41,"column":5}}]}},"s":{"0":0,"1":0,"2":0,"3":0,"4":0,"5":0,"6":0,"7":0,"8":0,"9":0,"10":0,"11":0,"12":0},"f":{"0":0},"b":{"0":[0,0],"1":[0,0]}}
}
