TN:
SF:/home/rid/src/node.js/webpack/src/server.js
FN:18,(anonymous_1)
FN:26,renderHTML
FN:44,(anonymous_3)
FNF:3
FNH:0
FNDA:0,(anonymous_1)
FNDA:0,renderHTML
FNDA:0,(anonymous_3)
DA:1,0
DA:2,0
DA:3,0
DA:4,0
DA:5,0
DA:8,0
DA:10,0
DA:11,0
DA:12,0
DA:14,0
DA:16,0
DA:18,0
DA:23,0
DA:27,0
DA:44,0
LF:15
LH:0
BRDA:12,0,0,0
BRDA:12,0,1,0
BRDA:14,1,0,0
BRDA:14,1,1,0
BRF:4
BRH:0
end_of_record
TN:
SF:/home/rid/src/node.js/webpack/src/client/index.js
FNF:0
FNH:0
DA:1,0
DA:2,0
DA:5,0
LF:3
LH:0
BRF:0
BRH:0
end_of_record
TN:
SF:/home/rid/src/node.js/webpack/src/client/components/App.js
FN:23,GreetingWidget
FNF:1
FNH:0
FNDA:0,GreetingWidget
DA:1,0
DA:2,0
DA:7,0
DA:23,0
DA:27,0
DA:29,0
DA:31,0
DA:32,0
DA:34,0
DA:39,0
DA:40,0
DA:43,0
DA:52,0
LF:13
LH:0
BRDA:31,0,0,0
BRDA:31,0,1,0
BRDA:39,1,0,0
BRDA:39,1,1,0
BRF:4
BRH:0
end_of_record
